This is pdfTeX, Version 3.14159265-2.6-1.40.20 (TeX Live 2019/Debian) (preloaded format=pdflatex 2021.4.30)  1 MAY 2021 16:30
entering extended mode
 \write18 enabled.
 %&-line parsing enabled.
**soc.tex
(./soc.tex
LaTeX2e <2020-02-02> patch level 2
L3 programming layer <2020-02-14>
(/usr/share/texlive/texmf-dist/tex/latex/base/book.cls
Document Class: book 2019/12/20 v1.4l Standard LaTeX document class
(/usr/share/texlive/texmf-dist/tex/latex/base/bk12.clo
File: bk12.clo 2019/12/20 v1.4l Standard LaTeX file (size option)
)
\c@part=\count167
\c@chapter=\count168
\c@section=\count169
\c@subsection=\count170
\c@subsubsection=\count171
\c@paragraph=\count172
\c@subparagraph=\count173
\c@figure=\count174
\c@table=\count175
\abovecaptionskip=\skip47
\belowcaptionskip=\skip48
\bibindent=\dimen134
)
(/usr/share/texlive/texmf-dist/tex/generic/babel/babel.sty
Package: babel 2020/02/14 3.40 The Babel package

(/usr/share/texlive/texmf-dist/tex/generic/babel/switch.def
File: switch.def 2020/02/14 3.40 Babel switching mechanism
)
(/usr/share/texlive/texmf-dist/tex/generic/babel-english/english.ldf
Language: english 2017/06/06 v3.3r English support from the babel system

(/usr/share/texlive/texmf-dist/tex/generic/babel/babel.def
File: babel.def 2020/02/14 3.40 Babel common definitions
\babel@savecnt=\count176
\U@D=\dimen135

(/usr/share/texlive/texmf-dist/tex/generic/babel/txtbabel.def)
\bbl@readstream=\read2
\bbl@dirlevel=\count177
)
Package babel Info: \l@british = using hyphenrules for english
(babel)             (\language0) on input line 82.
Package babel Info: \l@UKenglish = using hyphenrules for english
(babel)             (\language0) on input line 83.
Package babel Info: \l@canadian = using hyphenrules for english
(babel)             (\language0) on input line 102.
Package babel Info: \l@australian = using hyphenrules for english
(babel)             (\language0) on input line 105.
Package babel Info: \l@newzealand = using hyphenrules for english
(babel)             (\language0) on input line 108.
))
(/usr/share/texlive/texmf-dist/tex/latex/graphics/graphicx.sty
Package: graphicx 2019/11/30 v1.2a Enhanced LaTeX Graphics (DPC,SPQR)

(/usr/share/texlive/texmf-dist/tex/latex/graphics/keyval.sty
Package: keyval 2014/10/28 v1.15 key=value parser (DPC)
\KV@toks@=\toks14
)
(/usr/share/texlive/texmf-dist/tex/latex/graphics/graphics.sty
Package: graphics 2019/11/30 v1.4a Standard LaTeX Graphics (DPC,SPQR)

(/usr/share/texlive/texmf-dist/tex/latex/graphics/trig.sty
Package: trig 2016/01/03 v1.10 sin cos tan (DPC)
)
(/usr/share/texlive/texmf-dist/tex/latex/graphics-cfg/graphics.cfg
File: graphics.cfg 2016/06/04 v1.11 sample graphics configuration
)
Package graphics Info: Driver file: pdftex.def on input line 105.

(/usr/share/texlive/texmf-dist/tex/latex/graphics-def/pdftex.def
File: pdftex.def 2018/01/08 v1.0l Graphics/color driver for pdftex
))
\Gin@req@height=\dimen136
\Gin@req@width=\dimen137
)
(/usr/share/texlive/texmf-dist/tex/latex/xcolor/xcolor.sty
Package: xcolor 2016/05/11 v2.12 LaTeX color extensions (UK)

(/usr/share/texlive/texmf-dist/tex/latex/graphics-cfg/color.cfg
File: color.cfg 2016/01/02 v1.6 sample color configuration
)
Package xcolor Info: Driver file: pdftex.def on input line 225.
Package xcolor Info: Model `cmy' substituted by `cmy0' on input line 1348.
Package xcolor Info: Model `hsb' substituted by `rgb' on input line 1352.
Package xcolor Info: Model `RGB' extended on input line 1364.
Package xcolor Info: Model `HTML' substituted by `rgb' on input line 1366.
Package xcolor Info: Model `Hsb' substituted by `hsb' on input line 1367.
Package xcolor Info: Model `tHsb' substituted by `hsb' on input line 1368.
Package xcolor Info: Model `HSB' substituted by `hsb' on input line 1369.
Package xcolor Info: Model `Gray' substituted by `gray' on input line 1370.
Package xcolor Info: Model `wave' substituted by `hsb' on input line 1371.
)
(/usr/share/texlive/texmf-dist/tex/latex/caption/caption.sty
Package: caption 2020/01/03 v3.4h Customizing captions (AR)

(/usr/share/texlive/texmf-dist/tex/latex/caption/caption3.sty
Package: caption3 2020/01/03 v1.8h caption3 kernel (AR)
Package caption3 Info: TeX engine: e-TeX on input line 61.
\captionmargin=\dimen138
\captionmargin@=\dimen139
\captionwidth=\dimen140
\caption@tempdima=\dimen141
\caption@indent=\dimen142
\caption@parindent=\dimen143
\caption@hangindent=\dimen144
Package caption Info: Standard document class detected.
)
\c@caption@flags=\count178
\c@continuedfloat=\count179
)
(/usr/share/texlive/texmf-dist/tex/latex/caption/subcaption.sty
Package: subcaption 2020/01/22 v1.3d Sub-captions (AR)
\c@subfigure=\count180
\c@subtable=\count181
)
(/usr/share/texlive/texmf-dist/tex/latex/setspace/setspace.sty
Package: setspace 2011/12/19 v6.7a set line spacing
)
(/usr/share/texlive/texmf-dist/tex/latex/cite/cite.sty
LaTeX Info: Redefining \cite on input line 302.
LaTeX Info: Redefining \nocite on input line 332.
Package: cite 2015/02/27  v 5.5
)
(/usr/share/texlive/texmf-dist/tex/latex/float/float.sty
Package: float 2001/11/08 v1.3d Float enhancements (AL)
\c@float@type=\count182
\float@exts=\toks15
\float@box=\box45
\@float@everytoks=\toks16
\@floatcapt=\box46
)
(/usr/share/texlive/texmf-dist/tex/latex/psnfss/times.sty
Package: times 2005/04/12 PSNFSS-v9.2a (SPQR) 
)
(/usr/share/texlive/texmf-dist/tex/latex/base/inputenc.sty
Package: inputenc 2018/08/11 v1.3c Input encoding file
\inpenc@prehook=\toks17
\inpenc@posthook=\toks18

(/usr/share/texlive/texmf-dist/tex/latex/ucs/utf8x.def
File: utf8x.def 2004/10/17 UCS: Input encoding UTF-8
))
(/usr/share/texlive/texmf-dist/tex/latex/ucs/ucs.sty
Package: ucs 2013/05/11 v2.2 UCS: Unicode input support

(/usr/share/texlive/texmf-dist/tex/latex/ucs/data/uni-global.def
File: uni-global.def 2013/05/13 UCS: Unicode global data
)
\uc@secondtry=\count183
\uc@combtoks=\toks19
\uc@combtoksb=\toks20
\uc@temptokena=\toks21
)
(/usr/share/texlive/texmf-dist/tex/latex/base/fontenc.sty
Package: fontenc 2020/02/11 v2.0o Standard LaTeX package
LaTeX Font Info:    Trying to load font information for T1+ptm on input line 11
2.

(/usr/share/texlive/texmf-dist/tex/latex/psnfss/t1ptm.fd
File: t1ptm.fd 2001/06/04 font definitions for T1/ptm.
))
(/usr/share/texlive/texmf-dist/tex/latex/amsmath/amsmath.sty
Package: amsmath 2020/01/20 v2.17e AMS math features
\@mathmargin=\skip49

For additional information on amsmath, use the `?' option.
(/usr/share/texlive/texmf-dist/tex/latex/amsmath/amstext.sty
Package: amstext 2000/06/29 v2.01 AMS text

(/usr/share/texlive/texmf-dist/tex/latex/amsmath/amsgen.sty
File: amsgen.sty 1999/11/30 v2.0 generic functions
\@emptytoks=\toks22
\ex@=\dimen145
))
(/usr/share/texlive/texmf-dist/tex/latex/amsmath/amsbsy.sty
Package: amsbsy 1999/11/29 v1.2d Bold Symbols
\pmbraise@=\dimen146
)
(/usr/share/texlive/texmf-dist/tex/latex/amsmath/amsopn.sty
Package: amsopn 2016/03/08 v2.02 operator names
)
\inf@bad=\count184
LaTeX Info: Redefining \frac on input line 227.
\uproot@=\count185
\leftroot@=\count186
LaTeX Info: Redefining \overline on input line 389.
\classnum@=\count187
\DOTSCASE@=\count188
LaTeX Info: Redefining \ldots on input line 486.
LaTeX Info: Redefining \dots on input line 489.
LaTeX Info: Redefining \cdots on input line 610.
\Mathstrutbox@=\box47
\strutbox@=\box48
\big@size=\dimen147
LaTeX Font Info:    Redeclaring font encoding OML on input line 733.
LaTeX Font Info:    Redeclaring font encoding OMS on input line 734.
\macc@depth=\count189
\c@MaxMatrixCols=\count190
\dotsspace@=\muskip16
\c@parentequation=\count191
\dspbrk@lvl=\count192
\tag@help=\toks23
\row@=\count193
\column@=\count194
\maxfields@=\count195
\andhelp@=\toks24
\eqnshift@=\dimen148
\alignsep@=\dimen149
\tagshift@=\dimen150
\tagwidth@=\dimen151
\totwidth@=\dimen152
\lineht@=\dimen153
\@envbody=\toks25
\multlinegap=\skip50
\multlinetaggap=\skip51
\mathdisplay@stack=\toks26
LaTeX Info: Redefining \[ on input line 2859.
LaTeX Info: Redefining \] on input line 2860.
)
(/usr/share/texlive/texmf-dist/tex/latex/amscls/amsthm.sty
Package: amsthm 2017/10/31 v2.20.4
\thm@style=\toks27
\thm@bodyfont=\toks28
\thm@headfont=\toks29
\thm@notefont=\toks30
\thm@headpunct=\toks31
\thm@preskip=\skip52
\thm@postskip=\skip53
\thm@headsep=\skip54
\dth@everypar=\toks32
)
(/usr/share/texlive/texmf-dist/tex/latex/base/latexsym.sty
Package: latexsym 1998/08/17 v2.2e Standard LaTeX package (lasy symbols)
\symlasy=\mathgroup4
LaTeX Font Info:    Overwriting symbol font `lasy' in version `bold'
(Font)                  U/lasy/m/n --> U/lasy/b/n on input line 52.
)
(/usr/share/texlive/texmf-dist/tex/latex/graphics/epsfig.sty
Package: epsfig 2017/06/25 v1.7b (e)psfig emulation (SPQR)
\epsfxsize=\dimen154
\epsfysize=\dimen155
)
(/usr/share/texlive/texmf-dist/tex/latex/graphics/rotating.sty
Package: rotating 2016/08/11 v2.16d rotated objects in LaTeX

(/usr/share/texlive/texmf-dist/tex/latex/base/ifthen.sty
Package: ifthen 2014/09/29 v1.1c Standard LaTeX ifthen package (DPC)
)
\c@r@tfl@t=\count196
\rotFPtop=\skip55
\rotFPbot=\skip56
\rot@float@box=\box49
\rot@mess@toks=\toks33
)
(/usr/share/texlive/texmf-dist/tex/latex/tools/afterpage.sty
Package: afterpage 2014/10/28 v1.08 After-Page Package (DPC)
\AP@output=\toks34
\AP@partial=\box50
\AP@footins=\box51
)
(/usr/share/texlive/texmf-dist/tex/latex/multirow/multirow.sty
Package: multirow 2019/05/31 v2.5 Span multiple rows of a table
\multirow@colwidth=\skip57
\multirow@cntb=\count197
\multirow@dima=\skip58
\bigstrutjot=\dimen156
)
(/usr/share/texlive/texmf-dist/tex/latex/tools/array.sty
Package: array 2019/08/31 v2.4l Tabular extension package (FMi)
\col@sep=\dimen157
\ar@mcellbox=\box52
\extrarowheight=\dimen158
\NC@list=\toks35
\extratabsurround=\skip59
\backup@length=\skip60
\ar@cellbox=\box53
) (./minted.sty
Package: minted 2013/12/21 v2.0-alpha3 

(/usr/share/texlive/texmf-dist/tex/latex/kvoptions/kvoptions.sty
Package: kvoptions 2019/11/29 v3.13 Key value format for package options (HO)

(/usr/share/texlive/texmf-dist/tex/generic/ltxcmds/ltxcmds.sty
Package: ltxcmds 2019/12/15 v1.24 LaTeX kernel commands for general use (HO)
)
(/usr/share/texlive/texmf-dist/tex/generic/kvsetkeys/kvsetkeys.sty
Package: kvsetkeys 2019/12/15 v1.18 Key value parser (HO)
))
(/usr/share/texlive/texmf-dist/tex/latex/fancyvrb/fancyvrb.sty
Package: fancyvrb 2020/01/13 v3.5 verbatim text (tvz,hv)
\FV@CodeLineNo=\count198
\FV@InFile=\read3
\FV@TabBox=\box54
\c@FancyVerbLine=\count199
\FV@StepNumber=\count266
\FV@OutFile=\write3
)
(/usr/share/texlive/texmf-dist/tex/latex/tools/calc.sty
Package: calc 2017/05/25 v4.3 Infix arithmetic (KKT,FJ)
\calc@Acount=\count267
\calc@Bcount=\count268
\calc@Adimen=\dimen159
\calc@Bdimen=\dimen160
\calc@Askip=\skip61
\calc@Bskip=\skip62
LaTeX Info: Redefining \setlength on input line 80.
LaTeX Info: Redefining \addtolength on input line 81.
\calc@Ccount=\count269
\calc@Cskip=\skip63
)
(/usr/share/texlive/texmf-dist/tex/latex/ifplatform/ifplatform.sty
Package: ifplatform 2017/10/13 v0.4a Testing for the operating system

(/usr/share/texlive/texmf-dist/tex/latex/tools/shellesc.sty
Package: shellesc 2019/11/08 v1.0c unified shell escape interface for LaTeX
Package shellesc Info: Unrestricted shell escape enabled on input line 75.
)
(/usr/share/texlive/texmf-dist/tex/latex/pdftexcmds/pdftexcmds.sty
Package: pdftexcmds 2019/11/24 v0.31 Utility functions of pdfTeX for LuaTeX (HO
)

(/usr/share/texlive/texmf-dist/tex/generic/infwarerr/infwarerr.sty
Package: infwarerr 2019/12/03 v1.5 Providing info/warning/error messages (HO)
)
(/usr/share/texlive/texmf-dist/tex/generic/iftex/iftex.sty
Package: iftex 2019/11/07 v1.0c TeX engine tests
)
Package pdftexcmds Info: \pdf@primitive is available.
Package pdftexcmds Info: \pdf@ifprimitive is available.
Package pdftexcmds Info: \pdfdraftmode found.
)
(/usr/share/texlive/texmf-dist/tex/generic/catchfile/catchfile.sty
Package: catchfile 2019/12/09 v1.8 Catch the contents of a file (HO)

(/usr/share/texlive/texmf-dist/tex/generic/etexcmds/etexcmds.sty
Package: etexcmds 2019/12/15 v1.7 Avoid name clashes with e-TeX commands (HO)
))
(/usr/share/texlive/texmf-dist/tex/generic/iftex/ifluatex.sty
Package: ifluatex 2019/10/25 v1.5 ifluatex legacy package. Use iftex instead.
)
runsystem(uname -s > "soc.w18")...executed.

 (./soc.w18)
runsystem(rm -- "soc.w18")...executed.

)
(/usr/share/texlive/texmf-dist/tex/latex/etoolbox/etoolbox.sty
Package: etoolbox 2019/09/21 v2.5h e-TeX tools for LaTeX (JAW)
\etb@tempcnta=\count270
)
(/usr/share/texlive/texmf-dist/tex/generic/xstring/xstring.sty
(/usr/share/texlive/texmf-dist/tex/generic/xstring/xstring.tex
\integerpart=\count271
\decimalpart=\count272
)
Package: xstring 2019/02/06 v1.83 String manipulations (CT)
)
(/usr/share/texlive/texmf-dist/tex/latex/lineno/lineno.sty
Package: lineno 2005/11/02 line numbers on paragraphs v4.41
\linenopenalty=\count273
\output=\toks36
\linenoprevgraf=\count274
\linenumbersep=\dimen161
\linenumberwidth=\dimen162
\c@linenumber=\count275
\c@pagewiselinenumber=\count276
\c@LN@truepage=\count277
\c@internallinenumber=\count278
\c@internallinenumbers=\count279
\quotelinenumbersep=\dimen163
\bframerule=\dimen164
\bframesep=\dimen165
\bframebox=\box55
LaTeX Info: Redefining \\ on input line 3056.
)
\minted@appexistsfile=\read4
\FV@BreakIndent=\dimen166
\FV@BreakSymbolSep=\dimen167
\FV@BreakSymbolIndent=\dimen168
LaTeX Font Info:    Trying to load font information for T1+pcr on input line 55
1.

(/usr/share/texlive/texmf-dist/tex/latex/psnfss/t1pcr.fd
File: t1pcr.fd 2001/06/04 font definitions for T1/pcr.
)
\FV@LineBox=\box56
\FV@IndentBox=\box57
\FV@LinenoBox=\box58
\minted@bgbox=\box59
\minted@code=\write4
\c@minted@FancyVerbLineTemp=\count280
\@float@every@listing=\toks37
\c@listing=\count281
)
runsystem(which pygmentize && touch soc.aex)...executed.

runsystem(rm "soc.aex")...executed.

runsystem(pygmentize -S default -f latex -P commandprefix=PYGdefault > "obj/soc
.out.pyg")...executed.

 (./obj/soc.out.pyg)
(/usr/share/texlive/texmf-dist/tex/latex/newfloat/newfloat.sty
Package: newfloat 2019/09/02 v1.1l Defining new floating environments (AR)
Package newfloat Info: Document class `book' detected.
Package newfloat Info: `rotating' package detected.
)
(/usr/share/texlive/texmf-dist/tex/latex/tools/xspace.sty
Package: xspace 2014/10/28 v1.13 Space after command names (DPC,MH)
)
(./globalcommands.tex
Package newfloat Info: New float `codefloat' with options ` fileext=loc, listna
me=List of Listings, name=Listing, placement=htp, ' on input line 10.
\c@codefloat=\count282
Package newfloat Info: float type `codefloat'=8 on input line 10.
\c@subcodefloat=\count283
)
(/usr/share/texlive/texmf-dist/tex/latex/fancyhdr/fancyhdr.sty
Package: fancyhdr 2019/01/31 v3.10 Extensive control of page headers and footer
s
\f@nch@headwidth=\skip64
\f@nch@O@elh=\skip65
\f@nch@O@erh=\skip66
\f@nch@O@olh=\skip67
\f@nch@O@orh=\skip68
\f@nch@O@elf=\skip69
\f@nch@O@erf=\skip70
\f@nch@O@olf=\skip71
\f@nch@O@orf=\skip72
)
(/usr/share/texlive/texmf-dist/tex/latex/hyperref/hyperref.sty
Package: hyperref 2020/01/14 v7.00d Hypertext links for LaTeX

(/usr/share/texlive/texmf-dist/tex/generic/kvdefinekeys/kvdefinekeys.sty
Package: kvdefinekeys 2019-12-19 v1.6 Define keys (HO)
)
(/usr/share/texlive/texmf-dist/tex/generic/pdfescape/pdfescape.sty
Package: pdfescape 2019/12/09 v1.15 Implements pdfTeX's escape features (HO)
)
(/usr/share/texlive/texmf-dist/tex/latex/hycolor/hycolor.sty
Package: hycolor 2020-01-27 v1.10 Color options for hyperref/bookmark (HO)
)
(/usr/share/texlive/texmf-dist/tex/latex/letltxmacro/letltxmacro.sty
Package: letltxmacro 2019/12/03 v1.6 Let assignment for LaTeX macros (HO)
)
(/usr/share/texlive/texmf-dist/tex/latex/auxhook/auxhook.sty
Package: auxhook 2019-12-17 v1.6 Hooks for auxiliary files (HO)
)
\@linkdim=\dimen169
\Hy@linkcounter=\count284
\Hy@pagecounter=\count285

(/usr/share/texlive/texmf-dist/tex/latex/hyperref/pd1enc.def
File: pd1enc.def 2020/01/14 v7.00d Hyperref: PDFDocEncoding definition (HO)
)
(/usr/share/texlive/texmf-dist/tex/generic/intcalc/intcalc.sty
Package: intcalc 2019/12/15 v1.3 Expandable calculations with integers (HO)
)
\Hy@SavedSpaceFactor=\count286
\pdfmajorversion=\count287
Package hyperref Info: Option `colorlinks' set `false' on input line 4421.
Package hyperref Info: Option `bookmarks' set `true' on input line 4421.
Package hyperref Info: Option `pdffitwindow' set `true' on input line 4421.
Package hyperref Info: Option `pdfcenterwindow' set `true' on input line 4421.
Package hyperref Info: Hyper figures OFF on input line 4547.
Package hyperref Info: Link nesting OFF on input line 4552.
Package hyperref Info: Hyper index ON on input line 4555.
Package hyperref Info: Plain pages OFF on input line 4562.
Package hyperref Info: Backreferencing OFF on input line 4567.
Package hyperref Info: Implicit mode ON; LaTeX internals redefined.
Package hyperref Info: Bookmarks ON on input line 4800.
\c@Hy@tempcnt=\count288

(/usr/share/texlive/texmf-dist/tex/latex/url/url.sty
\Urlmuskip=\muskip17
Package: url 2013/09/16  ver 3.4  Verb mode for urls, etc.
)
LaTeX Info: Redefining \url on input line 5159.
\XeTeXLinkMargin=\dimen170

(/usr/share/texlive/texmf-dist/tex/generic/bitset/bitset.sty
Package: bitset 2019/12/09 v1.3 Handle bit-vector datatype (HO)

(/usr/share/texlive/texmf-dist/tex/generic/bigintcalc/bigintcalc.sty
Package: bigintcalc 2019/12/15 v1.5 Expandable calculations on big integers (HO
)
))
\Fld@menulength=\count289
\Field@Width=\dimen171
\Fld@charsize=\dimen172
Package hyperref Info: Hyper figures OFF on input line 6430.
Package hyperref Info: Link nesting OFF on input line 6435.
Package hyperref Info: Hyper index ON on input line 6438.
Package hyperref Info: backreferencing OFF on input line 6445.
Package hyperref Info: Link coloring OFF on input line 6450.
Package hyperref Info: Link coloring with OCG OFF on input line 6455.
Package hyperref Info: PDF/A mode OFF on input line 6460.
LaTeX Info: Redefining \ref on input line 6500.
LaTeX Info: Redefining \pageref on input line 6504.

(/usr/share/texlive/texmf-dist/tex/generic/atbegshi/atbegshi.sty
Package: atbegshi 2019/12/05 v1.19 At begin shipout hook (HO)
)
\Hy@abspage=\count290
\c@Item=\count291
\c@Hfootnote=\count292
)
Package hyperref Info: Driver (autodetected): hpdftex.

(/usr/share/texlive/texmf-dist/tex/latex/hyperref/hpdftex.def
File: hpdftex.def 2020/01/14 v7.00d Hyperref driver for pdfTeX

(/usr/share/texlive/texmf-dist/tex/latex/atveryend/atveryend.sty
Package: atveryend 2019-12-11 v1.11 Hooks at the very end of document (HO)
Package atveryend Info: \AP@enddocument detected (standard20110627).
)
\Fld@listcount=\count293
\c@bookmark@seq@number=\count294

(/usr/share/texlive/texmf-dist/tex/latex/rerunfilecheck/rerunfilecheck.sty
Package: rerunfilecheck 2019/12/05 v1.9 Rerun checks for auxiliary files (HO)

(/usr/share/texlive/texmf-dist/tex/generic/uniquecounter/uniquecounter.sty
Package: uniquecounter 2019/12/15 v1.4 Provide unlimited unique counter (HO)
)
Package uniquecounter Info: New unique counter `rerunfilecheck' on input line 2
86.
)
\Hy@SectionHShift=\skip73
)
(/usr/share/texlive/texmf-dist/tex/latex/l3backend/l3backend-pdfmode.def
File: l3backend-pdfmode.def 2020-02-03 L3 backend support: PDF mode
\l__kernel_color_stack_int=\count295
\l__pdf_internal_box=\box60
)
(obj//soc.aux)
\openout1 = `soc.aux'.

LaTeX Font Info:    Checking defaults for OML/cmm/m/it on input line 111.
LaTeX Font Info:    ... okay on input line 111.
LaTeX Font Info:    Checking defaults for OMS/cmsy/m/n on input line 111.
LaTeX Font Info:    ... okay on input line 111.
LaTeX Font Info:    Checking defaults for OT1/cmr/m/n on input line 111.
LaTeX Font Info:    ... okay on input line 111.
LaTeX Font Info:    Checking defaults for T1/cmr/m/n on input line 111.
LaTeX Font Info:    ... okay on input line 111.
LaTeX Font Info:    Checking defaults for TS1/cmr/m/n on input line 111.
LaTeX Font Info:    ... okay on input line 111.
LaTeX Font Info:    Checking defaults for OMX/cmex/m/n on input line 111.
LaTeX Font Info:    ... okay on input line 111.
LaTeX Font Info:    Checking defaults for U/cmr/m/n on input line 111.
LaTeX Font Info:    ... okay on input line 111.
LaTeX Font Info:    Checking defaults for PD1/pdf/m/n on input line 111.
LaTeX Font Info:    ... okay on input line 111.

(/usr/share/texlive/texmf-dist/tex/context/base/mkii/supp-pdf.mkii
[Loading MPS to PDF converter (version 2006.09.02).]
\scratchcounter=\count296
\scratchdimen=\dimen173
\scratchbox=\box61
\nofMPsegments=\count297
\nofMParguments=\count298
\everyMPshowfont=\toks38
\MPscratchCnt=\count299
\MPscratchDim=\dimen174
\MPnumerator=\count300
\makeMPintoPDFobject=\count301
\everyMPtoPDFconversion=\toks39
) (/usr/share/texlive/texmf-dist/tex/latex/epstopdf-pkg/epstopdf-base.sty
Package: epstopdf-base 2020-01-24 v2.11 Base part for package epstopdf
Package epstopdf-base Info: Redefining graphics rule for `.eps' on input line 4
85.

(/usr/share/texlive/texmf-dist/tex/latex/latexconfig/epstopdf-sys.cfg
File: epstopdf-sys.cfg 2010/07/13 v1.3 Configuration of (r)epstopdf for TeX Liv
e
))
Package caption Info: Begin \AtBeginDocument code.
Package caption Info: float package is loaded.
Package caption Info: hyperref package is loaded.
Package caption Info: rotating package is loaded.
Package caption Info: End \AtBeginDocument code.

(/usr/share/texlive/texmf-dist/tex/latex/ucs/ucsencs.def
File: ucsencs.def 2011/01/21 Fixes to fontencodings LGR, T3
)
Package newfloat Info: `float' package detected.
\AtBeginShipoutBox=\box62
Package hyperref Info: Link coloring OFF on input line 111.

(/usr/share/texlive/texmf-dist/tex/latex/hyperref/nameref.sty
Package: nameref 2019/09/16 v2.46 Cross-referencing by name of section

(/usr/share/texlive/texmf-dist/tex/latex/refcount/refcount.sty
Package: refcount 2019/12/15 v3.6 Data extraction from label references (HO)
)
(/usr/share/texlive/texmf-dist/tex/generic/gettitlestring/gettitlestring.sty
Package: gettitlestring 2019/12/15 v1.6 Cleanup title references (HO)
)
\c@section@level=\count302
)
LaTeX Info: Redefining \ref on input line 111.
LaTeX Info: Redefining \pageref on input line 111.
LaTeX Info: Redefining \nameref on input line 111.

(obj//soc.out) (obj//soc.out)
\@outlinefile=\write5
\openout5 = `soc.out'.

LaTeX Font Info:    Trying to load font information for U+lasy on input line 13
8.

(/usr/share/texlive/texmf-dist/tex/latex/base/ulasy.fd
File: ulasy.fd 1998/08/17 v2.2e LaTeX symbol font definitions
) [1



{/var/lib/texmf/fonts/map/pdftex/updmap/pdftex.map}] (obj//soc.tocpdfTeX warnin
g (ext4): destination with the same identifier (name{page.i}) has been already 
used, duplicate ignored
<to be read again> 
                   \relax 
l.72 ...6}Assembler Options}{24}{subsection.4.2.6}
                                                  % [1

])
\tf@toc=\write6
\openout6 = `soc.toc'.

 [2] (./socscope.tex
Chapter 1.
Package hyperref Info: bookmark level for unknown codefloat defaults to 0 on in
put line 23.
\openout3 = `soc.pyg'.

runsystem(pygmentize -l vhdl -f latex -F tokenmerge  -P style=default -P comman
dprefix=PYGdefault   -P "verboptions=,tabsize=3,frame=lines,framesep=2mm,fontsi
ze=\footnotesize " -o "obj/soc.out.pyg"  "obj/soc.pyg")...executed.

(./obj/soc.out.pyg)
\openout3 = `soc.pyg'.

runsystem(pygmentize -l vhdl -f latex -F tokenmerge  -P style=default -P comman
dprefix=PYGdefault   -P "verboptions=,tabsize=3,frame=lines,framesep=2mm,fontsi
ze=\footnotesize " -o "obj/soc.out.pyg"  "obj/soc.pyg")...executed.

 (./obj/soc.out.pyg
LaTeX Font Info:    Font shape `T1/pcr/m/it' in size <10> not available
(Font)              Font shape `T1/pcr/m/sl' tried instead on input line 4.
)
\openout3 = `soc.pyg'.

runsystem(pygmentize -l vhdl -f latex -F tokenmerge  -P style=default -P comman
dprefix=PYGdefault   -P "verboptions=,tabsize=3,frame=lines,framesep=2mm,fontsi
ze=\footnotesize " -o "obj/soc.out.pyg"  "obj/soc.pyg")...executed.

 (./obj/soc.out.pyg)
Overfull \hbox (52.3536pt too wide) in paragraph at lines 35--55
\T1/ptm/m/n/12 the ap-pro-pri-ate con-fig-u-ra-tion val-ues (see List-ing []1.2
[]) can be found in the file [][]\T1/pcr/m/n/12 lib/wishbone.vhd[]\T1/ptm/m/n/1
2 .
 []

[1


]) (./socarch.tex [2]
Chapter 2.
<./figures/soc_overview.pdf, id=336, 509.65407pt x 491.21016pt>
File: ./figures/soc_overview.pdf Graphic file (type pdf)
<use ./figures/soc_overview.pdf>
Package pdftex.def Info: ./figures/soc_overview.pdf  used on input line 7.
(pdftex.def)             Requested size: 280.3106pt x 270.16641pt.
\openout3 = `soc.pyg'.

runsystem(pygmentize -l vhdl -f latex -F tokenmerge  -P style=default -P comman
dprefix=PYGdefault   -P "verboptions=,tabsize=3,frame=lines,framesep=2mm,fontsi
ze=\footnotesize " -o "obj/soc.out.pyg"  "obj/soc.pyg")...executed.

(./obj/soc.out.pyg) [3

 <./figures/soc_overview.pdf>]
\openout3 = `soc.pyg'.

runsystem(pygmentize -l vhdl -f latex -F tokenmerge  -P style=default -P comman
dprefix=PYGdefault   -P "verboptions=,tabsize=3,frame=lines,framesep=2mm,fontsi
ze=\footnotesize " -o "obj/soc.out.pyg"  "obj/soc.pyg")...executed.

 (./obj/soc.out.pyg)
[4]
Overfull \hbox (55.23047pt too wide) in paragraph at lines 87--92
[]\T1/ptm/m/n/12 To se-lect to which of those sig-nals you should con-nect, con
-sult the file [][]\T1/pcr/m/n/12 soc/lib/config.vhd[]\T1/ptm/m/n/12 .
 []

\openout3 = `soc.pyg'.

runsystem(pygmentize -l vhdl -f latex -F tokenmerge  -P style=default -P comman
dprefix=PYGdefault   -P "verboptions=,tabsize=3,frame=lines,framesep=2mm,fontsi
ze=\footnotesize " -o "obj/soc.out.pyg"  "obj/soc.pyg")...executed.

(./obj/soc.out.pyg)
\openout3 = `soc.pyg'.

runsystem(pygmentize -l vhdl -f latex -F tokenmerge  -P style=default -P comman
dprefix=PYGdefault   -P "verboptions=,tabsize=3,frame=lines,framesep=2mm,fontsi
ze=\footnotesize " -o "obj/soc.out.pyg"  "obj/soc.pyg")...executed.

 (./obj/soc.out.pyg)
Overfull \hbox (18.3567pt too wide) in paragraph at lines 108--112
\T1/ptm/m/n/12 only con-sider cer-tain slave bus in-ter-face el-e-ments. A slav
e mask vec-tor [][]\T1/pcr/m/n/12 slv_mask_vector
 []

[5]
\openout3 = `soc.pyg'.

runsystem(pygmentize -l vhdl -f latex -F tokenmerge  -P style=default -P comman
dprefix=PYGdefault   -P "verboptions=,tabsize=3,frame=lines,framesep=2mm,fontsi
ze=\footnotesize " -o "obj/soc.out.pyg"  "obj/soc.pyg")...executed.

 (./obj/soc.out.pyg)) (./architecture.tex [6] [7]
Chapter 3.
<./figures/block_core.pdf, id=376, 604.34334pt x 527.72156pt>
File: ./figures/block_core.pdf Graphic file (type pdf)
<use ./figures/block_core.pdf>
Package pdftex.def Info: ./figures/block_core.pdf  used on input line 8.
(pdftex.def)             Requested size: 302.17093pt x 263.86014pt.
<./figures/block_dp.pdf, id=377, 792.24142pt x 614.19391pt>
File: ./figures/block_dp.pdf Graphic file (type pdf)
<use ./figures/block_dp.pdf>
Package pdftex.def Info: ./figures/block_dp.pdf  used on input line 14.
(pdftex.def)             Requested size: 475.34853pt x 368.5192pt.
\openout3 = `soc.pyg'.

runsystem(pygmentize -l vhdl -f latex -F tokenmerge  -P style=default -P comman
dprefix=PYGdefault   -P "verboptions=,tabsize=3,frame=lines,framesep=2mm,fontsi
ze=\footnotesize " -o "obj/soc.out.pyg"  "obj/soc.pyg")...executed.

(./obj/soc.out.pyg) [8

 <./figures/block_core.pdf>]
\openout3 = `soc.pyg'.

runsystem(pygmentize -l vhdl -f latex -F tokenmerge  -P style=default -P comman
dprefix=PYGdefault   -P "verboptions=,tabsize=3,frame=lines,framesep=2mm,fontsi
ze=\footnotesize " -o "obj/soc.out.pyg"  "obj/soc.pyg")...executed.

 (./obj/soc.out.pyg) [9]
\openout3 = `soc.pyg'.

runsystem(pygmentize -l vhdl -f latex -F tokenmerge  -P style=default -P comman
dprefix=PYGdefault   -P "verboptions=,tabsize=3,frame=lines,framesep=2mm,fontsi
ze=\footnotesize " -o "obj/soc.out.pyg"  "obj/soc.pyg")...executed.


(./obj/soc.out.pyg) [10]
LaTeX Font Info:    Trying to load font information for TS1+ptm on input line 1
14.

(/usr/share/texlive/texmf-dist/tex/latex/psnfss/ts1ptm.fd
File: ts1ptm.fd 2001/06/04 font definitions for TS1/ptm.
) [11]
\openout3 = `soc.pyg'.

runsystem(pygmentize -l vhdl -f latex -F tokenmerge  -P style=default -P comman
dprefix=PYGdefault   -P "verboptions=,tabsize=3,frame=lines,framesep=2mm,fontsi
ze=\footnotesize " -o "obj/soc.out.pyg"  "obj/soc.pyg")...executed.


(./obj/soc.out.pyg)
\openout3 = `soc.pyg'.

runsystem(pygmentize -l vhdl -f latex -F tokenmerge  -P style=default -P comman
dprefix=PYGdefault   -P "verboptions=,tabsize=3,frame=lines,framesep=2mm,fontsi
ze=\footnotesize " -o "obj/soc.out.pyg"  "obj/soc.pyg")...executed.

 (./obj/soc.out.pyg)) (./instructionset.tex [12] [13]
[14 <./figures/block_dp.pdf>]
Chapter 4.

Underfull \hbox (badness 6859) in paragraph at lines 25--26
[]|\T1/ptm/m/n/12 Add Im-me-di-ate,
 []


Underfull \hbox (badness 10000) in paragraph at lines 27--28
[]|\T1/ptm/m/n/12 Compare,
 []


Underfull \hbox (badness 10000) in paragraph at lines 29--30
[]|\T1/ptm/m/n/12 Branch/Call to
 []


Overfull \hbox (0.78322pt too wide) in paragraph at lines 17--32
 [] 
 []

[15

] [16] [17] [18] [19] [20] [21]
\openout3 = `soc.pyg'.

runsystem(pygmentize -l c -f latex -F tokenmerge  -P style=default -P commandpr
efix=PYGdefault   -P "verboptions=,tabsize=3,frame=lines,framesep=2mm,fontsize=
\footnotesize " -o "obj/soc.out.pyg"  "obj/soc.pyg")...executed.

 (./obj/soc.out.pyg) [22]
\openout3 = `soc.pyg'.

runsystem(pygmentize -l c -f latex -F tokenmerge  -P style=default -P commandpr
efix=PYGdefault   -P "verboptions=,tabsize=3,frame=lines,framesep=2mm,fontsize=
\footnotesize " -o "obj/soc.out.pyg"  "obj/soc.pyg")...executed.

 (./obj/soc.out.pyg)
\openout3 = `soc.pyg'.

runsystem(pygmentize -l c -f latex -F tokenmerge  -P style=default -P commandpr
efix=PYGdefault   -P "verboptions=,tabsize=3,frame=lines,framesep=2mm,fontsize=
\footnotesize " -o "obj/soc.out.pyg"  "obj/soc.pyg")...executed.

(./obj/soc.out.pyg) [23] [24]
Overfull \hbox (18.8552pt too wide) in paragraph at lines 357--359
\T1/ptm/m/n/12 To im-ple-ment mul-ti-cy-cle op-er-a-tions, changes need to be i
m-ple-mented in \T1/pcr/m/n/10.95 decoder$[]$fsm.vhd\T1/ptm/m/n/12 .
 []

) (./interrupts.tex [25]
Chapter 5.
\openout3 = `soc.pyg'.

runsystem(pygmentize -l vhdl -f latex -F tokenmerge  -P style=default -P comman
dprefix=PYGdefault   -P "verboptions=,tabsize=3,frame=lines,framesep=2mm,fontsi
ze=\footnotesize " -o "obj/soc.out.pyg"  "obj/soc.pyg")...executed.

(./obj/soc.out.pyg) [26

]
<./figures/signal_irq_req.pdf, id=572, 216.98643pt x 113.67468pt>
File: ./figures/signal_irq_req.pdf Graphic file (type pdf)
<use ./figures/signal_irq_req.pdf>
Package pdftex.def Info: ./figures/signal_irq_req.pdf  used on input line 56.
(pdftex.def)             Requested size: 216.9859pt x 113.6744pt.
<./figures/signal_irq_trap.pdf, id=574, 150.89111pt x 113.67468pt>
File: ./figures/signal_irq_trap.pdf Graphic file (type pdf)
<use ./figures/signal_irq_trap.pdf>
Package pdftex.def Info: ./figures/signal_irq_trap.pdf  used on input line 67.
(pdftex.def)             Requested size: 150.89073pt x 113.6744pt.
) (./memory.tex [27] [28 <./figures/signal_irq_req.pdf> <./figures/signal_irq_t
rap.pdf

pdfTeX warning: pdflatex (file ./figures/signal_irq_trap.pdf): PDF inclusion: m
ultiple pdfs with page group included in a single page
>]
Chapter 6.
\openout3 = `soc.pyg'.

runsystem(pygmentize -l vhdl -f latex -F tokenmerge  -P style=default -P comman
dprefix=PYGdefault   -P "verboptions=,tabsize=3,frame=lines,framesep=2mm,fontsi
ze=\footnotesize " -o "obj/soc.out.pyg"  "obj/soc.pyg")...executed.

(./obj/soc.out.pyg)
\openout3 = `soc.pyg'.

runsystem(pygmentize -l vhdl -f latex -F tokenmerge  -P style=default -P comman
dprefix=PYGdefault   -P "verboptions=,tabsize=3,frame=lines,framesep=2mm,fontsi
ze=\footnotesize " -o "obj/soc.out.pyg"  "obj/soc.pyg")...executed.

 (./obj/soc.out.pyg) [29

]
<./figures/signal_imem.pdf, id=624, 241.22862pt x 143.78719pt>
File: ./figures/signal_imem.pdf Graphic file (type pdf)
<use ./figures/signal_imem.pdf>
Package pdftex.def Info: ./figures/signal_imem.pdf  used on input line 53.
(pdftex.def)             Requested size: 241.22801pt x 143.78683pt.
 [30 <./figures/signal_imem.pdf>]
\openout3 = `soc.pyg'.

runsystem(pygmentize -l vhdl -f latex -F tokenmerge  -P style=default -P comman
dprefix=PYGdefault   -P "verboptions=,tabsize=3,frame=lines,framesep=2mm,fontsi
ze=\footnotesize " -o "obj/soc.out.pyg"  "obj/soc.pyg")...executed.


(./obj/soc.out.pyg)
<./figures/signal_dmem_write.pdf, id=671, 181.18741pt x 113.67468pt>
File: ./figures/signal_dmem_write.pdf Graphic file (type pdf)
<use ./figures/signal_dmem_write.pdf>
Package pdftex.def Info: ./figures/signal_dmem_write.pdf  used on input line 83
.
(pdftex.def)             Requested size: 181.18697pt x 113.6744pt.
 [31 <./figures/signal_dmem_write.pdf>]
<./figures/signal_mem_interlacing.pdf, id=702, 339.29642pt x 196.59216pt>
File: ./figures/signal_mem_interlacing.pdf Graphic file (type pdf)
<use ./figures/signal_mem_interlacing.pdf>
Package pdftex.def Info: ./figures/signal_mem_interlacing.pdf  used on input li
ne 103.
(pdftex.def)             Requested size: 339.29558pt x 196.59166pt.
 [32 <./figures/signal_mem_interlacing.pdf>]) (./guides.tex [33]
Chapter 7.
\openout3 = `soc.pyg'.

runsystem(pygmentize -l c -f latex -F tokenmerge  -P style=default -P commandpr
efix=PYGdefault   -P "verboptions=,tabsize=3,frame=lines,framesep=2mm,fontsize=
\footnotesize " -o "obj/soc.out.pyg"  "obj/soc.pyg")...executed.

(./obj/soc.out.pyg) [34

] [35]
Overfull \hbox (50.62622pt too wide) in paragraph at lines 60--61
\T1/ptm/m/n/12 the de-sign un-der test. This is achieved by un-sing the pro-ce-
dure [][]\T1/pcr/m/n/12 simulate_can_transmission
 []

\openout3 = `soc.pyg'.

runsystem(pygmentize -l vhdl -f latex -F tokenmerge  -P style=default -P comman
dprefix=PYGdefault   -P "verboptions=,tabsize=3,frame=lines,framesep=2mm,fontsi
ze=\footnotesize " -o "obj/soc.out.pyg"  "obj/soc.pyg")...executed.

(./obj/soc.out.pyg) [36

]
Overfull \hbox (35.50203pt too wide) in paragraph at lines 87--88
[]\T1/ptm/m/n/12 If a cer-tain reg-is-ter in a CAN node should be writ-ten to, 
the pro-ce-dure [][]\T1/pcr/m/n/12 can_wb_write_reg
 []

\openout3 = `soc.pyg'.

runsystem(pygmentize -l vhdl -f latex -F tokenmerge  -P style=default -P comman
dprefix=PYGdefault   -P "verboptions=,tabsize=3,frame=lines,framesep=2mm,fontsi
ze=\footnotesize " -o "obj/soc.out.pyg"  "obj/soc.pyg")...executed.

(./obj/soc.out.pyg)
\openout3 = `soc.pyg'.

runsystem(pygmentize -l vhdl -f latex -F tokenmerge  -P style=default -P comman
dprefix=PYGdefault   -P "verboptions=,tabsize=3,frame=lines,framesep=2mm,fontsi
ze=\footnotesize " -o "obj/soc.out.pyg"  "obj/soc.pyg")...executed.

 (./obj/soc.out.pyg)
\openout3 = `soc.pyg'.

runsystem(pygmentize -l vhdl -f latex -F tokenmerge  -P style=default -P comman
dprefix=PYGdefault   -P "verboptions=,tabsize=3,frame=lines,framesep=2mm,fontsi
ze=\footnotesize " -o "obj/soc.out.pyg"  "obj/soc.pyg")...executed.

 (./obj/soc.out.pyg)
Overfull \hbox (7.91515pt too wide) in paragraph at lines 119--120
[]\T1/ptm/m/n/12 Successive read-ing can be done in a sim-i-lar way with [][]\T
1/pcr/m/n/12 read_regs_with_fileaddr
 []

[37]
\openout3 = `soc.pyg'.

runsystem(pygmentize -l vhdl -f latex -F tokenmerge  -P style=default -P comman
dprefix=PYGdefault   -P "verboptions=,tabsize=3,frame=lines,framesep=2mm,fontsi
ze=\footnotesize " -o "obj/soc.out.pyg"  "obj/soc.pyg")...executed.

 (./obj/soc.out.pyg)
Overfull \hbox (10.43466pt too wide) in paragraph at lines 136--137
\T1/ptm/m/n/12 a CAN net-work. A VHDL de-sign that does ex-actly this is pro-vi
ded: [][]\T1/pcr/m/n/12 phys_can_sim
 []


Overfull \hbox (12.81201pt too wide) in paragraph at lines 136--137
\T1/ptm/m/n/12 merged into two vec-tors. Thier size is de-ter-mind by the gener
ic pa-ram-e-ter [][]\T1/pcr/m/n/12 peer_num[]\T1/ptm/m/n/12 ,
 []


Overfull \hbox (56.58792pt too wide) in paragraph at lines 138--139
[]\T1/ptm/m/n/12 When sim-u-lat-ing the test bench with ISim, the rel-a-tive fi
le path in [][]\T1/pcr/m/n/12 write_regs_from_file
 []

[38]
\openout3 = `soc.pyg'.

runsystem(pygmentize -l vhdl -f latex -F tokenmerge  -P style=default -P comman
dprefix=PYGdefault   -P "verboptions=,tabsize=3,frame=lines,framesep=2mm,fontsi
ze=\footnotesize " -o "obj/soc.out.pyg"  "obj/soc.pyg")...executed.

 (./obj/soc.out.pyg)
\openout3 = `soc.pyg'.

runsystem(pygmentize -l vhdl -f latex -F tokenmerge  -P style=default -P comman
dprefix=PYGdefault   -P "verboptions=,tabsize=3,frame=lines,framesep=2mm,fontsi
ze=\footnotesize " -o "obj/soc.out.pyg"  "obj/soc.pyg")...executed.

 (./obj/soc.out.pyg)) [39] (obj//soc.lof)
\tf@lof=\write7
\openout7 = `soc.lof'.

 [40


]
(obj//soc.lot)
\tf@lot=\write8
\openout8 = `soc.lot'.


No file soc.bbl.
runsystem(rm "obj//soc.pyg")...executed.

runsystem(rm "obj//soc.out.pyg")...executed.

Package atveryend Info: Empty hook `BeforeClearDocument' on input line 167.
[41

]
Package atveryend Info: Empty hook `AfterLastShipout' on input line 167.
 (obj//soc.aux)
Package atveryend Info: Executing hook `AtVeryEndDocument' on input line 167.
Package atveryend Info: Executing hook `AtEndAfterFileList' on input line 167.
Package rerunfilecheck Info: File `soc.out' has not changed.
(rerunfilecheck)             Checksum: <no file>.
Package atveryend Info: Empty hook `AtVeryVeryEnd' on input line 167.
 ) 
Here is how much of TeX's memory you used:
 11797 strings out of 483183
 181319 string characters out of 5966292
 484307 words of memory out of 5000000
 26240 multiletter control sequences out of 15000+600000
 583560 words of font info for 96 fonts, out of 8000000 for 9000
 24 hyphenation exceptions out of 8191
 41i,11n,45p,612b,516s stack positions out of 5000i,500n,10000p,200000b,80000s
{/usr/share/texlive/texmf-dist/fonts/enc/dvips/base/8r.enc}</usr/share/texliv
e/texmf-dist/fonts/type1/public/amsfonts/cm/cmmi10.pfb></usr/share/texlive/texm
f-dist/fonts/type1/public/amsfonts/cm/cmmi12.pfb></usr/share/texlive/texmf-dist
/fonts/type1/public/amsfonts/cm/cmr10.pfb></usr/share/texlive/texmf-dist/fonts/
type1/public/amsfonts/cm/cmr12.pfb></usr/share/texlive/texmf-dist/fonts/type1/p
ublic/amsfonts/cm/cmr8.pfb></usr/share/texlive/texmf-dist/fonts/type1/public/am
sfonts/cm/cmsy10.pfb></usr/share/texlive/texmf-dist/fonts/type1/urw/courier/ucr
b8a.pfb></usr/share/texlive/texmf-dist/fonts/type1/urw/courier/ucrr8a.pfb></usr
/share/texlive/texmf-dist/fonts/type1/urw/courier/ucrro8a.pfb></usr/share/texli
ve/texmf-dist/fonts/type1/urw/times/utmb8a.pfb></usr/share/texlive/texmf-dist/f
onts/type1/urw/times/utmr8a.pfb></usr/share/texlive/texmf-dist/fonts/type1/urw/
times/utmr8a.pfb></usr/share/texlive/texmf-dist/fonts/type1/urw/times/utmri8a.p
fb>
Output written on obj//soc.pdf (44 pages, 518566 bytes).
PDF statistics:
 895 PDF objects out of 1000 (max. 8388607)
 787 compressed objects within 8 object streams
 197 named destinations out of 1000 (max. 500000)
 513 words of extra memory for PDF output out of 10000 (max. 10000000)

